#! /c/iverilog/bin/vvp
:ivl_version "0.9.7 " "(v0_9_7)";
:vpi_time_precision - 12;
:vpi_module "system";
:vpi_module "v2005_math";
:vpi_module "va_math";
S_010FA890 .scope module, "tb_alu_big_module" "tb_alu_big_module" 2 3;
 .timescale -9 -12;
v01100500_0 .var "EX_MEM_alu_result", 31 0;
v011009D0_0 .var "ForwardA", 1 0;
v01100190_0 .var "ForwardB", 1 0;
v011008C8_0 .var "MEM_WB_read_data", 31 0;
v011007C0_0 .var "alu_op", 2 0;
v01100920_0 .net "alu_result", 31 0, v01105630_0; 1 drivers
v01100978_0 .var "alu_src", 0 0;
v01100B88_0 .var "ins_15_0", 31 0;
v01100A28_0 .var "read_data_1", 31 0;
v01100608_0 .var "read_data_2", 31 0;
v01100B30_0 .net "write_data", 31 0, L_01101158; 1 drivers
S_010FA4D8 .scope task, "show" "show" 2 44, 2 44, S_010FA890;
 .timescale -9 -12;
TD_tb_alu_big_module.show ;
    %vpi_call 2 46 "$display", "ForwardA=%b ForwardB=%b alu_op=%b alu_src=%b", v011009D0_0, v01100190_0, v011007C0_0, v01100978_0;
    %vpi_call 2 48 "$display", "A=%0d B=%0d imm=%0d funct=%h", v01100A28_0, v01100608_0, v01100B88_0, &PV<v01100B88_0, 0, 6>;
    %vpi_call 2 50 "$display", "EX/MEM=%0d MEM/WB=%0d", v01100500_0, v011008C8_0;
    %vpi_call 2 52 "$display", "=> alu_result=%0d (0x%08h)   write_data=%0d\012", v01100920_0, v01100920_0, v01100B30_0;
    %end;
S_010FA2B8 .scope module, "dut" "ALU_BIG_MODULE" 2 27, 3 5, S_010FA890;
 .timescale -9 -12;
L_01101158 .functor BUFZ 32, L_01100298, C4<00000000000000000000000000000000>, C4<00000000000000000000000000000000>, C4<00000000000000000000000000000000>;
v01107C78_0 .net "EX_MEM_alu_result", 31 0, v01100500_0; 1 drivers
v0113A878_0 .net "ForwardA", 1 0, v011009D0_0; 1 drivers
v0113A8D0_0 .net "ForwardB", 1 0, v01100190_0; 1 drivers
v0113A508_0 .net "MEM_WB_read_data", 31 0, v011008C8_0; 1 drivers
v0113AB38_0 .net *"_s0", 1 0, C4<10>; 1 drivers
v0113A9D8_0 .net *"_s12", 1 0, C4<10>; 1 drivers
v0113A820_0 .net *"_s14", 0 0, L_01100138; 1 drivers
v0113A7C8_0 .net *"_s16", 1 0, C4<01>; 1 drivers
v0113AA30_0 .net *"_s18", 0 0, L_011001E8; 1 drivers
v0113AA88_0 .net *"_s2", 0 0, L_01100558; 1 drivers
v0113A4B0_0 .net *"_s20", 31 0, L_01100240; 1 drivers
v0113AB90_0 .net *"_s4", 1 0, C4<01>; 1 drivers
v0113A5B8_0 .net *"_s6", 0 0, L_011000E0; 1 drivers
v0113AAE0_0 .net *"_s8", 31 0, L_01100A80; 1 drivers
v0113A610_0 .net "alu_in_a", 31 0, L_01100AD8; 1 drivers
v0113A668_0 .net "alu_in_b", 31 0, L_011002F0; 1 drivers
v0113A458_0 .net "alu_op", 2 0, v011007C0_0; 1 drivers
v0113A560_0 .alias "alu_result", 31 0, v01100920_0;
v0113A6C0_0 .net "alu_sel_internal", 2 0, v011056E0_0; 1 drivers
v0113A928_0 .net "alu_src", 0 0, v01100978_0; 1 drivers
v0113A718_0 .net "forward_b_out", 31 0, L_01100298; 1 drivers
v0113A770_0 .net "ins_15_0", 31 0, v01100B88_0; 1 drivers
v0113A980_0 .net "read_data_1", 31 0, v01100A28_0; 1 drivers
v01100768_0 .net "read_data_2", 31 0, v01100608_0; 1 drivers
v01100710_0 .alias "write_data", 31 0, v01100B30_0;
L_01100558 .cmp/eq 2, v011009D0_0, C4<10>;
L_011000E0 .cmp/eq 2, v011009D0_0, C4<01>;
L_01100A80 .functor MUXZ 32, v01100A28_0, v011008C8_0, L_011000E0, C4<>;
L_01100AD8 .functor MUXZ 32, L_01100A80, v01100500_0, L_01100558, C4<>;
L_01100138 .cmp/eq 2, v01100190_0, C4<10>;
L_011001E8 .cmp/eq 2, v01100190_0, C4<01>;
L_01100240 .functor MUXZ 32, v01100608_0, v011008C8_0, L_011001E8, C4<>;
L_01100298 .functor MUXZ 32, L_01100240, v01100500_0, L_01100138, C4<>;
L_011002F0 .functor MUXZ 32, L_01100298, v01100B88_0, v01100978_0, C4<>;
L_01100348 .part v01100B88_0, 0, 6;
S_010FA230 .scope module, "u_alu_ctrl" "ALU_CONTROL" 3 57, 3 79, S_010FA2B8;
 .timescale -9 -12;
P_010F6D7C .param/l "ADD" 3 85, C4<000>;
P_010F6D90 .param/l "ALU_ADD" 3 91, C4<000>;
P_010F6DA4 .param/l "ALU_AND" 3 93, C4<010>;
P_010F6DB8 .param/l "ALU_OR" 3 94, C4<011>;
P_010F6DCC .param/l "ALU_SUB" 3 92, C4<001>;
P_010F6DE0 .param/l "ALU_XOR" 3 95, C4<100>;
P_010F6DF4 .param/l "I_TYPE" 3 88, C4<011>;
P_010F6E08 .param/l "R_TYPE" 3 87, C4<010>;
P_010F6E1C .param/l "SUB" 3 86, C4<001>;
v010F6E38_0 .alias "ALU_Op", 2 0, v0113A458_0;
v011056E0_0 .var "ALU_Sel", 2 0;
v01107C20_0 .net "Funct", 5 0, L_01100348; 1 drivers
E_010F3BA8 .event edge, v010F6E38_0, v01107C20_0;
S_010FA1A8 .scope module, "u_alu" "ALU" 3 66, 3 137, S_010FA2B8;
 .timescale -9 -12;
P_010C1C8C .param/l "ALU_ADD" 3 144, C4<000>;
P_010C1CA0 .param/l "ALU_AND" 3 146, C4<010>;
P_010C1CB4 .param/l "ALU_OR" 3 147, C4<011>;
P_010C1CC8 .param/l "ALU_SUB" 3 145, C4<001>;
P_010C1CDC .param/l "ALU_XOR" 3 148, C4<100>;
v010C1CF8_0 .alias "ALU_In_0", 31 0, v0113A610_0;
v010C1D50_0 .alias "ALU_In_1", 31 0, v0113A668_0;
v01105630_0 .var "ALU_Out", 31 0;
v01105688_0 .alias "ALU_Sel", 2 0, v0113A6C0_0;
E_010F3A48 .event edge, v01105688_0, v010C1CF8_0, v010C1D50_0;
    .scope S_010FA230;
T_1 ;
    %wait E_010F3BA8;
    %load/v 8, v010F6E38_0, 3;
    %cmpi/u 8, 2, 3;
    %jmp/1 T_1.0, 6;
    %cmpi/u 8, 0, 3;
    %jmp/1 T_1.1, 6;
    %cmpi/u 8, 1, 3;
    %jmp/1 T_1.2, 6;
    %cmpi/u 8, 3, 3;
    %jmp/1 T_1.3, 6;
    %set/v v011056E0_0, 0, 3;
    %jmp T_1.5;
T_1.0 ;
    %load/v 8, v01107C20_0, 6;
    %cmpi/u 8, 32, 6;
    %jmp/1 T_1.6, 6;
    %cmpi/u 8, 34, 6;
    %jmp/1 T_1.7, 6;
    %cmpi/u 8, 36, 6;
    %jmp/1 T_1.8, 6;
    %cmpi/u 8, 37, 6;
    %jmp/1 T_1.9, 6;
    %cmpi/u 8, 38, 6;
    %jmp/1 T_1.10, 6;
    %set/v v011056E0_0, 0, 3;
    %jmp T_1.12;
T_1.6 ;
    %set/v v011056E0_0, 0, 3;
    %jmp T_1.12;
T_1.7 ;
    %movi 8, 1, 3;
    %set/v v011056E0_0, 8, 3;
    %jmp T_1.12;
T_1.8 ;
    %movi 8, 2, 3;
    %set/v v011056E0_0, 8, 3;
    %jmp T_1.12;
T_1.9 ;
    %movi 8, 3, 3;
    %set/v v011056E0_0, 8, 3;
    %jmp T_1.12;
T_1.10 ;
    %movi 8, 4, 3;
    %set/v v011056E0_0, 8, 3;
    %jmp T_1.12;
T_1.12 ;
    %jmp T_1.5;
T_1.1 ;
    %set/v v011056E0_0, 0, 3;
    %jmp T_1.5;
T_1.2 ;
    %movi 8, 1, 3;
    %set/v v011056E0_0, 8, 3;
    %jmp T_1.5;
T_1.3 ;
    %set/v v011056E0_0, 0, 3;
    %jmp T_1.5;
T_1.5 ;
    %jmp T_1;
    .thread T_1, $push;
    .scope S_010FA1A8;
T_2 ;
    %wait E_010F3A48;
    %load/v 8, v01105688_0, 3;
    %cmpi/u 8, 0, 3;
    %jmp/1 T_2.0, 6;
    %cmpi/u 8, 1, 3;
    %jmp/1 T_2.1, 6;
    %cmpi/u 8, 2, 3;
    %jmp/1 T_2.2, 6;
    %cmpi/u 8, 3, 3;
    %jmp/1 T_2.3, 6;
    %cmpi/u 8, 4, 3;
    %jmp/1 T_2.4, 6;
    %set/v v01105630_0, 0, 32;
    %jmp T_2.6;
T_2.0 ;
    %load/v 8, v010C1CF8_0, 32;
    %load/v 40, v010C1D50_0, 32;
    %add 8, 40, 32;
    %set/v v01105630_0, 8, 32;
    %jmp T_2.6;
T_2.1 ;
    %load/v 8, v010C1CF8_0, 32;
    %load/v 40, v010C1D50_0, 32;
    %sub 8, 40, 32;
    %set/v v01105630_0, 8, 32;
    %jmp T_2.6;
T_2.2 ;
    %load/v 8, v010C1CF8_0, 32;
    %load/v 40, v010C1D50_0, 32;
    %and 8, 40, 32;
    %set/v v01105630_0, 8, 32;
    %jmp T_2.6;
T_2.3 ;
    %load/v 8, v010C1CF8_0, 32;
    %load/v 40, v010C1D50_0, 32;
    %or 8, 40, 32;
    %set/v v01105630_0, 8, 32;
    %jmp T_2.6;
T_2.4 ;
    %load/v 8, v010C1CF8_0, 32;
    %load/v 40, v010C1D50_0, 32;
    %xor 8, 40, 32;
    %set/v v01105630_0, 8, 32;
    %jmp T_2.6;
T_2.6 ;
    %jmp T_2;
    .thread T_2, $push;
    .scope S_010FA890;
T_3 ;
    %vpi_call 2 61 "$dumpfile", "alu_big.vcd";
    %vpi_call 2 62 "$dumpvars", 1'sb0, S_010FA890;
    %set/v v011009D0_0, 0, 2;
    %set/v v01100190_0, 0, 2;
    %set/v v01100A28_0, 0, 32;
    %set/v v01100608_0, 0, 32;
    %set/v v01100500_0, 0, 32;
    %set/v v011008C8_0, 0, 32;
    %set/v v01100B88_0, 0, 32;
    %set/v v011007C0_0, 0, 3;
    %set/v v01100978_0, 0, 1;
    %delay 5000, 0;
    %movi 8, 10, 32;
    %set/v v01100A28_0, 8, 32;
    %movi 8, 20, 32;
    %set/v v01100608_0, 8, 32;
    %movi 8, 2, 3;
    %set/v v011007C0_0, 8, 3;
    %set/v v01100978_0, 0, 1;
    %movi 8, 32, 32;
    %set/v v01100B88_0, 8, 32;
    %vpi_call 2 86 "$display", "TEST 1: R-type ADD";
    %fork TD_tb_alu_big_module.show, S_010FA4D8;
    %join;
    %delay 5000, 0;
    %movi 8, 30, 32;
    %set/v v01100A28_0, 8, 32;
    %movi 8, 5, 32;
    %set/v v01100608_0, 8, 32;
    %movi 8, 2, 3;
    %set/v v011007C0_0, 8, 3;
    %set/v v01100978_0, 0, 1;
    %movi 8, 34, 32;
    %set/v v01100B88_0, 8, 32;
    %vpi_call 2 99 "$display", "TEST 2: R-type SUB";
    %fork TD_tb_alu_big_module.show, S_010FA4D8;
    %join;
    %delay 5000, 0;
    %movi 8, 100, 32;
    %set/v v01100A28_0, 8, 32;
    %movi 8, 999, 32;
    %set/v v01100608_0, 8, 32;
    %set/v v011007C0_0, 0, 3;
    %set/v v01100978_0, 1, 1;
    %movi 8, 4, 32;
    %set/v v01100B88_0, 8, 32;
    %vpi_call 2 113 "$display", "TEST 3: ADD immediate (lw/sw/addi)";
    %fork TD_tb_alu_big_module.show, S_010FA4D8;
    %join;
    %delay 5000, 0;
    %movi 8, 10, 32;
    %set/v v01100A28_0, 8, 32;
    %movi 8, 10, 32;
    %set/v v01100608_0, 8, 32;
    %movi 8, 1, 3;
    %set/v v011007C0_0, 8, 3;
    %set/v v01100978_0, 0, 1;
    %set/v v01100B88_0, 0, 32;
    %vpi_call 2 127 "$display", "TEST 4: BEQ SUB compare";
    %fork TD_tb_alu_big_module.show, S_010FA4D8;
    %join;
    %delay 5000, 0;
    %movi 8, 2, 2;
    %set/v v011009D0_0, 8, 2;
    %set/v v01100190_0, 0, 2;
    %movi 8, 50, 32;
    %set/v v01100500_0, 8, 32;
    %movi 8, 20, 32;
    %set/v v01100608_0, 8, 32;
    %movi 8, 2, 3;
    %set/v v011007C0_0, 8, 3;
    %set/v v01100978_0, 0, 1;
    %movi 8, 32, 32;
    %set/v v01100B88_0, 8, 32;
    %vpi_call 2 144 "$display", "TEST 5: ForwardA=EX/MEM";
    %fork TD_tb_alu_big_module.show, S_010FA4D8;
    %join;
    %delay 5000, 0;
    %set/v v011009D0_0, 0, 2;
    %movi 8, 1, 2;
    %set/v v01100190_0, 8, 2;
    %movi 8, 10, 32;
    %set/v v01100A28_0, 8, 32;
    %movi 8, 99, 32;
    %set/v v011008C8_0, 8, 32;
    %movi 8, 2, 3;
    %set/v v011007C0_0, 8, 3;
    %set/v v01100978_0, 0, 1;
    %movi 8, 32, 32;
    %set/v v01100B88_0, 8, 32;
    %vpi_call 2 160 "$display", "TEST 6: ForwardB=MEM/WB";
    %fork TD_tb_alu_big_module.show, S_010FA4D8;
    %join;
    %delay 5000, 0;
    %vpi_call 2 165 "$display", "ALL TEST DONE.";
    %vpi_call 2 166 "$finish";
    %end;
    .thread T_3;
# The file index is used to find the file name in the following table.
:file_names 4;
    "N/A";
    "<interactive>";
    "tb_alu_big_module.v";
    "ALU_BIG_MODULE.v";
